#
# A fatal error has been detected by the Java Runtime Environment:
#
#  SIGSEGV (0xb) at pc=0x000000010ede675b, pid=11442, tid=54791
#
# JRE version: Java(TM) SE Runtime Environment (12.0.1+12) (build 12.0.1+12)
# Java VM: Java HotSpot(TM) 64-Bit Server VM (12.0.1+12, mixed mode, sharing, tiered, compressed oops, g1 gc, bsd-amd64)
# Problematic frame:
# C  [libawt_lwawt.dylib+0x1b75b]  OGLSD_SetScratchSurface+0x1f
#
# No core dump will be written. Core dumps have been disabled. To enable core dumping, try "ulimit -c unlimited" before starting Java again
#
# If you would like to submit a bug report, please visit:
#   http://bugreport.java.com/bugreport/crash.jsp
# The crash happened outside the Java Virtual Machine in native code.
# See problematic frame for where to report the bug.
#

---------------  S U M M A R Y ------------

Command Line: -Dfile.encoding=UTF-8 App

Host: MacBook9,1 x86_64 1200 MHz, 4 cores, 8G, Darwin 18.5.0
Time: Tue Jun 18 17:29:07 2019 PDT elapsed time: 268 seconds (0d 0h 4m 28s)

---------------  T H R E A D  ---------------

Current thread (0x00007f88028df800):  JavaThread "Java2D Queue Flusher" daemon [_thread_in_native, id=54791, stack(0x0000700006d99000,0x0000700006e99000)]

Stack: [0x0000700006d99000,0x0000700006e99000],  sp=0x0000700006e98800,  free space=1022k
Native frames: (J=compiled Java code, A=aot compiled Java code, j=interpreted, Vv=VM code, C=native code)
C  [libawt_lwawt.dylib+0x1b75b]  OGLSD_SetScratchSurface+0x1f
C  [libawt_lwawt.dylib+0x3fddb]  Java_sun_java2d_opengl_OGLRenderQueue_flushBuffer+0x947
j  sun.java2d.opengl.OGLRenderQueue.flushBuffer(JI)V+0 java.desktop@12.0.1
j  sun.java2d.opengl.OGLRenderQueue.flushBuffer()V+21 java.desktop@12.0.1
j  sun.java2d.opengl.OGLRenderQueue$QueueFlusher.run()V+81 java.desktop@12.0.1
j  java.lang.Thread.run()V+11 java.base@12.0.1
v  ~StubRoutines::call_stub
V  [libjvm.dylib+0x393675]  JavaCalls::call_helper(JavaValue*, methodHandle const&, JavaCallArguments*, Thread*)+0x285
V  [libjvm.dylib+0x392a54]  JavaCalls::call_virtual(JavaValue*, Klass*, Symbol*, Symbol*, JavaCallArguments*, Thread*)+0xee
V  [libjvm.dylib+0x392b10]  JavaCalls::call_virtual(JavaValue*, Handle, Klass*, Symbol*, Symbol*, Thread*)+0x62
V  [libjvm.dylib+0x410d20]  thread_entry(JavaThread*, Thread*)+0x78
V  [libjvm.dylib+0x6e3d2a]  JavaThread::thread_main_inner()+0x82
V  [libjvm.dylib+0x6e3b74]  JavaThread::run()+0x16c
V  [libjvm.dylib+0x6e1a7a]  Thread::call_run()+0x68
V  [libjvm.dylib+0x5dbeb7]  thread_native_entry(Thread*)+0x139
C  [libsystem_pthread.dylib+0x32eb]  _pthread_body+0x7e
C  [libsystem_pthread.dylib+0x6249]  _pthread_start+0x42
C  [libsystem_pthread.dylib+0x240d]  thread_start+0xd

Java frames: (J=compiled Java code, j=interpreted, Vv=VM code)
j  sun.java2d.opengl.OGLRenderQueue.flushBuffer(JI)V+0 java.desktop@12.0.1
j  sun.java2d.opengl.OGLRenderQueue.flushBuffer()V+21 java.desktop@12.0.1
j  sun.java2d.opengl.OGLRenderQueue$QueueFlusher.run()V+81 java.desktop@12.0.1
j  java.lang.Thread.run()V+11 java.base@12.0.1
v  ~StubRoutines::call_stub

siginfo: si_signo: 11 (SIGSEGV), si_code: 1 (SEGV_MAPERR), si_addr: 0x0000000000000002

Register to memory mapping:

RAX=0x0 is NULL
RBX=0x00007f880265c2f0 points into unknown readable memory: 01 00 00 00 18 00 00 00
RCX=0x0000000000000047 is an unknown value
RDX=0x000000010ee0adb8: Java_sun_java2d_opengl_OGLRenderQueue_flushBuffer+0x924 in /Library/Java/JavaVirtualMachines/jdk-12.0.1.jdk/Contents/Home/lib/libawt_lwawt.dylib at 0x000000010edcb000
RSP=0x0000700006e98800 is pointing into the stack for thread: 0x00007f88028df800
RBP=0x0000700006e98830 is pointing into the stack for thread: 0x00007f88028df800
RSI=0x00007f880265c2f0 points into unknown readable memory: 01 00 00 00 18 00 00 00
RDI=0x00007f88028dfb30 points into unknown readable memory: 70 64 b6 01 01 00 00 00
R8 =0x0000000000007871 is an unknown value
R9 =0xffffffff00000000 is an unknown value
R10=0x000000010f5fd961 is at code_begin+897 in an Interpreter codelet
method entry point (kind = native)  [0x000000010f5fd5e0, 0x000000010f5fe020]  2624 bytes
R11=0x0000000000000102 is an unknown value
R12=0x00007f880290c210 points into unknown readable memory: 5a 00 00 00 49 00 00 00
R13=0x0000000000000002 is an unknown value
R14=0x000000010ee0b048: Java_sun_java2d_opengl_OGLRenderQueue_flushBuffer+0xbb4 in /Library/Java/JavaVirtualMachines/jdk-12.0.1.jdk/Contents/Home/lib/libawt_lwawt.dylib at 0x000000010edcb000
R15=0x00007f88028dfb30 points into unknown readable memory: 70 64 b6 01 01 00 00 00


Registers:
RAX=0x0000000000000000, RBX=0x00007f880265c2f0, RCX=0x0000000000000047, RDX=0x000000010ee0adb8
RSP=0x0000700006e98800, RBP=0x0000700006e98830, RSI=0x00007f880265c2f0, RDI=0x00007f88028dfb30
R8 =0x0000000000007871, R9 =0xffffffff00000000, R10=0x000000010f5fd961, R11=0x0000000000000102
R12=0x00007f880290c210, R13=0x0000000000000002, R14=0x000000010ee0b048, R15=0x00007f88028dfb30
RIP=0x000000010ede675b, EFLAGS=0x0000000000010202, ERR=0x0000000000000004
  TRAPNO=0x000000000000000e

Top of Stack: (sp=0x0000700006e98800)
0x0000700006e98800:   0000000000000000 00007f880265c2f0
0x0000700006e98810:   00007f880290c210 00007f880290c220
0x0000700006e98820:   000000010ee0b048 00007f88028dfb30
0x0000700006e98830:   0000700006e98890 000000010ee0addb
0x0000700006e98840:   00007f88028df800 0000000000000014
0x0000700006e98850:   0000700006e98870 000000000196d1a7
0x0000700006e98860:   0000700006e98870 000000010e474c30
0x0000700006e98870:   0000000000000000 000000010e474c30
0x0000700006e98880:   0000700006e98948 00007f88028df800
0x0000700006e98890:   0000700006e98910 000000010f5fd990
0x0000700006e988a0:   0000000101bda901 00007f88028df800
0x0000700006e988b0:   0000700006e988d0 000000010196d3c4
0x0000700006e988c0:   0000700006e98b28 0000700006e988c8
0x0000700006e988d0:   0000000000000000 0000700006e98948
0x0000700006e988e0:   000000010e475e60 0000000000000000
0x0000700006e988f0:   00000007870ce218 000000010e474c30
0x0000700006e98900:   0000000000000000 0000700006e98930
0x0000700006e98910:   0000700006e98998 000000010f5f7cb3
0x0000700006e98920:   0000000000000000 000000010f5fa8b8
0x0000700006e98930:   0000000000000020 00007f880290c200
0x0000700006e98940:   0000000000000000 0000000787108fa8
0x0000700006e98950:   0000700006e98950 000000010e474ce5
0x0000700006e98960:   0000700006e989b0 000000010e475e60
0x0000700006e98970:   0000000000000000 00000007870ce218
0x0000700006e98980:   000000010e474d20 0000700006e98930
0x0000700006e98990:   0000700006e989b0 0000700006e98a10
0x0000700006e989a0:   000000010f5f7cb3 0000000000000020
0x0000700006e989b0:   0000000787108fa8 0000000000000001
0x0000700006e989c0:   0000000787106300 0000700006e989b8
0x0000700006e989d0:   000000010e4791c9 0000700006e98a38
0x0000700006e989e0:   000000010e479570 0000000000000000
0x0000700006e989f0:   0000000787106320 000000010e479308 

Instructions: (pc=0x000000010ede675b)
0x000000010ede673b:   c3 55 48 89 e5 41 57 41 56 41 55 41 54 53 50 49
0x000000010ede674b:   89 ff 48 85 f6 74 57 4c 8b 6e 10 4d 85 ed 74 57
0x000000010ede675b:   49 8b 5d 00 31 c0 e8 d6 db 02 00 49 89 c6 48 8b
0x000000010ede676b:   3b 48 8b 35 c5 59 05 00 ff 15 cf 8d 04 00 48 85 

Stack slot to memory mapping:
stack at sp + 0 slots: 0x0 is NULL
stack at sp + 1 slots: 0x00007f880265c2f0 points into unknown readable memory: 01 00 00 00 18 00 00 00
stack at sp + 2 slots: 0x00007f880290c210 points into unknown readable memory: 5a 00 00 00 49 00 00 00
stack at sp + 3 slots: 0x00007f880290c220 points into unknown readable memory: ff 00 00 00 00 00 00 00
stack at sp + 4 slots: 0x000000010ee0b048: Java_sun_java2d_opengl_OGLRenderQueue_flushBuffer+0xbb4 in /Library/Java/JavaVirtualMachines/jdk-12.0.1.jdk/Contents/Home/lib/libawt_lwawt.dylib at 0x000000010edcb000
stack at sp + 5 slots: 0x00007f88028dfb30 points into unknown readable memory: 70 64 b6 01 01 00 00 00
stack at sp + 6 slots: 0x0000700006e98890 is pointing into the stack for thread: 0x00007f88028df800
stack at sp + 7 slots: 0x000000010ee0addb: Java_sun_java2d_opengl_OGLRenderQueue_flushBuffer+0x947 in /Library/Java/JavaVirtualMachines/jdk-12.0.1.jdk/Contents/Home/lib/libawt_lwawt.dylib at 0x000000010edcb000


---------------  P R O C E S S  ---------------

Threads class SMR info:
_java_thread_list=0x00007f88024071e0, length=15, elements={
0x00007f880302a800, 0x00007f880302b000, 0x00007f8804000800, 0x00007f880302c800,
0x00007f8804001800, 0x00007f8804002800, 0x00007f880400d800, 0x00007f880400e800,
0x00007f8804023000, 0x00007f880316d800, 0x00007f88028df800, 0x00007f8804045000,
0x00007f8802921800, 0x00007f88039cc000, 0x00007f8803004800
}

Java Threads: ( => current thread )
  0x00007f880302a800 JavaThread "Reference Handler" daemon [_thread_blocked, id=18179, stack(0x00007000060ec000,0x00007000061ec000)]
  0x00007f880302b000 JavaThread "Finalizer" daemon [_thread_blocked, id=14851, stack(0x00007000061ef000,0x00007000062ef000)]
  0x00007f8804000800 JavaThread "Signal Dispatcher" daemon [_thread_blocked, id=15875, stack(0x00007000062f2000,0x00007000063f2000)]
  0x00007f880302c800 JavaThread "C2 CompilerThread0" daemon [_thread_blocked, id=43267, stack(0x00007000063f5000,0x00007000064f5000)]
  0x00007f8804001800 JavaThread "C1 CompilerThread0" daemon [_thread_blocked, id=22275, stack(0x00007000064f8000,0x00007000065f8000)]
  0x00007f8804002800 JavaThread "Sweeper thread" daemon [_thread_blocked, id=23043, stack(0x00007000065fb000,0x00007000066fb000)]
  0x00007f880400d800 JavaThread "Service Thread" daemon [_thread_blocked, id=23555, stack(0x00007000066fe000,0x00007000067fe000)]
  0x00007f880400e800 JavaThread "Common-Cleaner" daemon [_thread_blocked, id=24579, stack(0x0000700006904000,0x0000700006a04000)]
  0x00007f8804023000 JavaThread "AppKit Thread" daemon [_thread_in_native, id=775, stack(0x00007ffeee1c3000,0x00007ffeee9c3000)]
  0x00007f880316d800 JavaThread "AWT-Shutdown" [_thread_blocked, id=31747, stack(0x0000700006a8a000,0x0000700006b8a000)]
=>0x00007f88028df800 JavaThread "Java2D Queue Flusher" daemon [_thread_in_native, id=54791, stack(0x0000700006d99000,0x0000700006e99000)]
  0x00007f8804045000 JavaThread "Java2D Disposer" daemon [_thread_blocked, id=57859, stack(0x0000700006e9c000,0x0000700006f9c000)]
  0x00007f8802921800 JavaThread "TimerQueue" daemon [_thread_blocked, id=60683, stack(0x0000700006f9f000,0x000070000709f000)]
  0x00007f88039cc000 JavaThread "AWT-EventQueue-0" [_thread_blocked, id=73475, stack(0x00007000070a2000,0x00007000071a2000)]
  0x00007f8803004800 JavaThread "DestroyJavaVM" [_thread_blocked, id=9219, stack(0x00007000059d7000,0x0000700005ad7000)]

Other Threads:
  0x00007f8803029800 VMThread "VM Thread" [stack: 0x0000700005fe9000,0x00007000060e9000] [id=14083]
  0x00007f88030e8000 WatcherThread [stack: 0x0000700006801000,0x0000700006901000] [id=24067]
  0x00007f8803028000 GCTaskThread "GC Thread#0" [stack: 0x0000700005ada000,0x0000700005bda000] [id=20483]
  0x00007f88029bc800 GCTaskThread "GC Thread#1" [stack: 0x00007000071a5000,0x00007000072a5000] [id=3947]
  0x00007f8806199000 GCTaskThread "GC Thread#2" [stack: 0x00007000072a8000,0x00007000073a8000] [id=49427]
  0x00007f880619f000 GCTaskThread "GC Thread#3" [stack: 0x00007000073ab000,0x00007000074ab000] [id=84795]
  0x00007f8802800000 ConcurrentGCThread "G1 Main Marker" [stack: 0x0000700005bdd000,0x0000700005cdd000] [id=12291]
  0x00007f8802810800 ConcurrentGCThread "G1 Conc#0" [stack: 0x0000700005ce0000,0x0000700005de0000] [id=19971]
  0x00007f880384b000 ConcurrentGCThread "G1 Refine#0" [stack: 0x0000700005de3000,0x0000700005ee3000] [id=19715]
  0x00007f8803029000 ConcurrentGCThread "G1 Young RemSet Sampling" [stack: 0x0000700005ee6000,0x0000700005fe6000] [id=19203]

Threads with active compile tasks:

VM state:not at safepoint (normal execution)

VM Mutex/Monitor currently owned by a thread: None

Heap address: 0x0000000780000000, size: 2048 MB, Compressed Oops mode: Zero based, Oop shift amount: 3
Narrow klass base: 0x0000000800000000, Narrow klass shift: 3
Compressed class space size: 1073741824 Address: 0x00000008010fa000

Heap:
 garbage-first heap   total 133120K, used 20258K [0x0000000780000000, 0x0000000800000000)
  region size 1024K, 4 young (4096K), 2 survivors (2048K)
 Metaspace       used 7702K, capacity 8013K, committed 8320K, reserved 1056768K
  class space    used 890K, capacity 1020K, committed 1152K, reserved 1048576K
Heap Regions: E=young(eden), S=young(survivor), O=old, HS=humongous(starts), HC=humongous(continues), CS=collection set, F=free, A=archive, TAMS=top-at-mark-start (previous, next)
|   0|0x0000000780000000, 0x0000000780100000, 0x0000000780100000|100%|HS|  |TAMS 0x0000000780000000, 0x0000000780000000| Complete 
|   1|0x0000000780100000, 0x0000000780200000, 0x0000000780200000|100%|HC|  |TAMS 0x0000000780100000, 0x0000000780100000| Complete 
|   2|0x0000000780200000, 0x0000000780300000, 0x0000000780300000|100%|HC|  |TAMS 0x0000000780200000, 0x0000000780200000| Complete 
|   3|0x0000000780300000, 0x0000000780400000, 0x0000000780400000|100%|HC|  |TAMS 0x0000000780300000, 0x0000000780300000| Complete 
|   4|0x0000000780400000, 0x0000000780500000, 0x0000000780500000|100%|HC|  |TAMS 0x0000000780400000, 0x0000000780400000| Complete 
|   5|0x0000000780500000, 0x0000000780600000, 0x0000000780600000|100%|HC|  |TAMS 0x0000000780500000, 0x0000000780500000| Complete 
|   6|0x0000000780600000, 0x0000000780700000, 0x0000000780700000|100%|HS|  |TAMS 0x0000000780600000, 0x0000000780600000| Complete 
|   7|0x0000000780700000, 0x0000000780800000, 0x0000000780800000|100%|HC|  |TAMS 0x0000000780700000, 0x0000000780700000| Complete 
|   8|0x0000000780800000, 0x0000000780900000, 0x0000000780900000|100%|HS|  |TAMS 0x0000000780800000, 0x0000000780800000| Complete 
|   9|0x0000000780900000, 0x0000000780a00000, 0x0000000780a00000|100%|HC|  |TAMS 0x0000000780900000, 0x0000000780900000| Complete 
|  10|0x0000000780a00000, 0x0000000780b00000, 0x0000000780b00000|100%|HS|  |TAMS 0x0000000780a00000, 0x0000000780a00000| Complete 
|  11|0x0000000780b00000, 0x0000000780c00000, 0x0000000780c00000|100%|HC|  |TAMS 0x0000000780b00000, 0x0000000780b00000| Complete 
|  12|0x0000000780c00000, 0x0000000780d00000, 0x0000000780d00000|100%|HS|  |TAMS 0x0000000780c00000, 0x0000000780c00000| Complete 
|  13|0x0000000780d00000, 0x0000000780e00000, 0x0000000780e00000|100%|HC|  |TAMS 0x0000000780d00000, 0x0000000780d00000| Complete 
|  14|0x0000000780e00000, 0x0000000780f00000, 0x0000000780f00000|100%|HS|  |TAMS 0x0000000780e00000, 0x0000000780e00000| Complete 
|  15|0x0000000780f00000, 0x0000000781000000, 0x0000000781000000|100%|HC|  |TAMS 0x0000000780f00000, 0x0000000780f00000| Complete 
|  16|0x0000000781000000, 0x0000000781012a00, 0x0000000781100000|  7%| O|  |TAMS 0x0000000781000000, 0x0000000781000000| Untracked 
|  17|0x0000000781100000, 0x0000000781100000, 0x0000000781200000|  0%| F|  |TAMS 0x0000000781100000, 0x0000000781100000| Untracked 
|  18|0x0000000781200000, 0x0000000781200000, 0x0000000781300000|  0%| F|  |TAMS 0x0000000781200000, 0x0000000781200000| Untracked 
|  19|0x0000000781300000, 0x0000000781300000, 0x0000000781400000|  0%| F|  |TAMS 0x0000000781300000, 0x0000000781300000| Untracked 
|  20|0x0000000781400000, 0x0000000781400000, 0x0000000781500000|  0%| F|  |TAMS 0x0000000781400000, 0x0000000781400000| Untracked 
|  21|0x0000000781500000, 0x0000000781500000, 0x0000000781600000|  0%| F|  |TAMS 0x0000000781500000, 0x0000000781500000| Untracked 
|  22|0x0000000781600000, 0x0000000781600000, 0x0000000781700000|  0%| F|  |TAMS 0x0000000781600000, 0x0000000781600000| Untracked 
|  23|0x0000000781700000, 0x0000000781700000, 0x0000000781800000|  0%| F|  |TAMS 0x0000000781700000, 0x0000000781700000| Untracked 
|  24|0x0000000781800000, 0x0000000781800000, 0x0000000781900000|  0%| F|  |TAMS 0x0000000781800000, 0x0000000781800000| Untracked 
|  25|0x0000000781900000, 0x0000000781900000, 0x0000000781a00000|  0%| F|  |TAMS 0x0000000781900000, 0x0000000781900000| Untracked 
|  26|0x0000000781a00000, 0x0000000781a00000, 0x0000000781b00000|  0%| F|  |TAMS 0x0000000781a00000, 0x0000000781a00000| Untracked 
|  27|0x0000000781b00000, 0x0000000781b00000, 0x0000000781c00000|  0%| F|  |TAMS 0x0000000781b00000, 0x0000000781b00000| Untracked 
|  28|0x0000000781c00000, 0x0000000781c00000, 0x0000000781d00000|  0%| F|  |TAMS 0x0000000781c00000, 0x0000000781c00000| Untracked 
|  29|0x0000000781d00000, 0x0000000781d00000, 0x0000000781e00000|  0%| F|  |TAMS 0x0000000781d00000, 0x0000000781d00000| Untracked 
|  30|0x0000000781e00000, 0x0000000781e00000, 0x0000000781f00000|  0%| F|  |TAMS 0x0000000781e00000, 0x0000000781e00000| Untracked 
|  31|0x0000000781f00000, 0x0000000781f00000, 0x0000000782000000|  0%| F|  |TAMS 0x0000000781f00000, 0x0000000781f00000| Untracked 
|  32|0x0000000782000000, 0x0000000782000000, 0x0000000782100000|  0%| F|  |TAMS 0x0000000782000000, 0x0000000782000000| Untracked 
|  33|0x0000000782100000, 0x0000000782100000, 0x0000000782200000|  0%| F|  |TAMS 0x0000000782100000, 0x0000000782100000| Untracked 
|  34|0x0000000782200000, 0x0000000782200000, 0x0000000782300000|  0%| F|  |TAMS 0x0000000782200000, 0x0000000782200000| Untracked 
|  35|0x0000000782300000, 0x0000000782300000, 0x0000000782400000|  0%| F|  |TAMS 0x0000000782300000, 0x0000000782300000| Untracked 
|  36|0x0000000782400000, 0x0000000782400000, 0x0000000782500000|  0%| F|  |TAMS 0x0000000782400000, 0x0000000782400000| Untracked 
|  37|0x0000000782500000, 0x0000000782500000, 0x0000000782600000|  0%| F|  |TAMS 0x0000000782500000, 0x0000000782500000| Untracked 
|  38|0x0000000782600000, 0x0000000782600000, 0x0000000782700000|  0%| F|  |TAMS 0x0000000782600000, 0x0000000782600000| Untracked 
|  39|0x0000000782700000, 0x0000000782700000, 0x0000000782800000|  0%| F|  |TAMS 0x0000000782700000, 0x0000000782700000| Untracked 
|  40|0x0000000782800000, 0x0000000782800000, 0x0000000782900000|  0%| F|  |TAMS 0x0000000782800000, 0x0000000782800000| Untracked 
|  41|0x0000000782900000, 0x0000000782900000, 0x0000000782a00000|  0%| F|  |TAMS 0x0000000782900000, 0x0000000782900000| Untracked 
|  42|0x0000000782a00000, 0x0000000782a00000, 0x0000000782b00000|  0%| F|  |TAMS 0x0000000782a00000, 0x0000000782a00000| Untracked 
|  43|0x0000000782b00000, 0x0000000782b00000, 0x0000000782c00000|  0%| F|  |TAMS 0x0000000782b00000, 0x0000000782b00000| Untracked 
|  44|0x0000000782c00000, 0x0000000782c00000, 0x0000000782d00000|  0%| F|  |TAMS 0x0000000782c00000, 0x0000000782c00000| Untracked 
|  45|0x0000000782d00000, 0x0000000782d00000, 0x0000000782e00000|  0%| F|  |TAMS 0x0000000782d00000, 0x0000000782d00000| Untracked 
|  46|0x0000000782e00000, 0x0000000782e00000, 0x0000000782f00000|  0%| F|  |TAMS 0x0000000782e00000, 0x0000000782e00000| Untracked 
|  47|0x0000000782f00000, 0x0000000782f00000, 0x0000000783000000|  0%| F|  |TAMS 0x0000000782f00000, 0x0000000782f00000| Untracked 
|  48|0x0000000783000000, 0x0000000783000000, 0x0000000783100000|  0%| F|  |TAMS 0x0000000783000000, 0x0000000783000000| Untracked 
|  49|0x0000000783100000, 0x0000000783100000, 0x0000000783200000|  0%| F|  |TAMS 0x0000000783100000, 0x0000000783100000| Untracked 
|  50|0x0000000783200000, 0x0000000783200000, 0x0000000783300000|  0%| F|  |TAMS 0x0000000783200000, 0x0000000783200000| Untracked 
|  51|0x0000000783300000, 0x0000000783300000, 0x0000000783400000|  0%| F|  |TAMS 0x0000000783300000, 0x0000000783300000| Untracked 
|  52|0x0000000783400000, 0x0000000783400000, 0x0000000783500000|  0%| F|  |TAMS 0x0000000783400000, 0x0000000783400000| Untracked 
|  53|0x0000000783500000, 0x0000000783500000, 0x0000000783600000|  0%| F|  |TAMS 0x0000000783500000, 0x0000000783500000| Untracked 
|  54|0x0000000783600000, 0x0000000783600000, 0x0000000783700000|  0%| F|  |TAMS 0x0000000783600000, 0x0000000783600000| Untracked 
|  55|0x0000000783700000, 0x0000000783700000, 0x0000000783800000|  0%| F|  |TAMS 0x0000000783700000, 0x0000000783700000| Untracked 
|  56|0x0000000783800000, 0x0000000783800000, 0x0000000783900000|  0%| F|  |TAMS 0x0000000783800000, 0x0000000783800000| Untracked 
|  57|0x0000000783900000, 0x0000000783900000, 0x0000000783a00000|  0%| F|  |TAMS 0x0000000783900000, 0x0000000783900000| Untracked 
|  58|0x0000000783a00000, 0x0000000783a00000, 0x0000000783b00000|  0%| F|  |TAMS 0x0000000783a00000, 0x0000000783a00000| Untracked 
|  59|0x0000000783b00000, 0x0000000783b00000, 0x0000000783c00000|  0%| F|  |TAMS 0x0000000783b00000, 0x0000000783b00000| Untracked 
|  60|0x0000000783c00000, 0x0000000783c00000, 0x0000000783d00000|  0%| F|  |TAMS 0x0000000783c00000, 0x0000000783c00000| Untracked 
|  61|0x0000000783d00000, 0x0000000783d00000, 0x0000000783e00000|  0%| F|  |TAMS 0x0000000783d00000, 0x0000000783d00000| Untracked 
|  62|0x0000000783e00000, 0x0000000783e00000, 0x0000000783f00000|  0%| F|  |TAMS 0x0000000783e00000, 0x0000000783e00000| Untracked 
|  63|0x0000000783f00000, 0x0000000783f00000, 0x0000000784000000|  0%| F|  |TAMS 0x0000000783f00000, 0x0000000783f00000| Untracked 
|  64|0x0000000784000000, 0x0000000784000000, 0x0000000784100000|  0%| F|  |TAMS 0x0000000784000000, 0x0000000784000000| Untracked 
|  65|0x0000000784100000, 0x0000000784100000, 0x0000000784200000|  0%| F|  |TAMS 0x0000000784100000, 0x0000000784100000| Untracked 
|  66|0x0000000784200000, 0x0000000784200000, 0x0000000784300000|  0%| F|  |TAMS 0x0000000784200000, 0x0000000784200000| Untracked 
|  67|0x0000000784300000, 0x0000000784300000, 0x0000000784400000|  0%| F|  |TAMS 0x0000000784300000, 0x0000000784300000| Untracked 
|  68|0x0000000784400000, 0x0000000784400000, 0x0000000784500000|  0%| F|  |TAMS 0x0000000784400000, 0x0000000784400000| Untracked 
|  69|0x0000000784500000, 0x0000000784500000, 0x0000000784600000|  0%| F|  |TAMS 0x0000000784500000, 0x0000000784500000| Untracked 
|  70|0x0000000784600000, 0x0000000784600000, 0x0000000784700000|  0%| F|  |TAMS 0x0000000784600000, 0x0000000784600000| Untracked 
|  71|0x0000000784700000, 0x0000000784700000, 0x0000000784800000|  0%| F|  |TAMS 0x0000000784700000, 0x0000000784700000| Untracked 
|  72|0x0000000784800000, 0x0000000784800000, 0x0000000784900000|  0%| F|  |TAMS 0x0000000784800000, 0x0000000784800000| Untracked 
|  73|0x0000000784900000, 0x0000000784900000, 0x0000000784a00000|  0%| F|  |TAMS 0x0000000784900000, 0x0000000784900000| Untracked 
|  74|0x0000000784a00000, 0x0000000784a00000, 0x0000000784b00000|  0%| F|  |TAMS 0x0000000784a00000, 0x0000000784a00000| Untracked 
|  75|0x0000000784b00000, 0x0000000784b00000, 0x0000000784c00000|  0%| F|  |TAMS 0x0000000784b00000, 0x0000000784b00000| Untracked 
|  76|0x0000000784c00000, 0x0000000784c00000, 0x0000000784d00000|  0%| F|  |TAMS 0x0000000784c00000, 0x0000000784c00000| Untracked 
|  77|0x0000000784d00000, 0x0000000784d00000, 0x0000000784e00000|  0%| F|  |TAMS 0x0000000784d00000, 0x0000000784d00000| Untracked 
|  78|0x0000000784e00000, 0x0000000784e00000, 0x0000000784f00000|  0%| F|  |TAMS 0x0000000784e00000, 0x0000000784e00000| Untracked 
|  79|0x0000000784f00000, 0x0000000784f00000, 0x0000000785000000|  0%| F|  |TAMS 0x0000000784f00000, 0x0000000784f00000| Untracked 
|  80|0x0000000785000000, 0x0000000785000000, 0x0000000785100000|  0%| F|  |TAMS 0x0000000785000000, 0x0000000785000000| Untracked 
|  81|0x0000000785100000, 0x0000000785100000, 0x0000000785200000|  0%| F|  |TAMS 0x0000000785100000, 0x0000000785100000| Untracked 
|  82|0x0000000785200000, 0x0000000785200000, 0x0000000785300000|  0%| F|  |TAMS 0x0000000785200000, 0x0000000785200000| Untracked 
|  83|0x0000000785300000, 0x0000000785300000, 0x0000000785400000|  0%| F|  |TAMS 0x0000000785300000, 0x0000000785300000| Untracked 
|  84|0x0000000785400000, 0x0000000785400000, 0x0000000785500000|  0%| F|  |TAMS 0x0000000785400000, 0x0000000785400000| Untracked 
|  85|0x0000000785500000, 0x0000000785500000, 0x0000000785600000|  0%| F|  |TAMS 0x0000000785500000, 0x0000000785500000| Untracked 
|  86|0x0000000785600000, 0x0000000785600000, 0x0000000785700000|  0%| F|  |TAMS 0x0000000785600000, 0x0000000785600000| Untracked 
|  87|0x0000000785700000, 0x0000000785700000, 0x0000000785800000|  0%| F|  |TAMS 0x0000000785700000, 0x0000000785700000| Untracked 
|  88|0x0000000785800000, 0x0000000785800000, 0x0000000785900000|  0%| F|  |TAMS 0x0000000785800000, 0x0000000785800000| Untracked 
|  89|0x0000000785900000, 0x0000000785900000, 0x0000000785a00000|  0%| F|  |TAMS 0x0000000785900000, 0x0000000785900000| Untracked 
|  90|0x0000000785a00000, 0x0000000785a00000, 0x0000000785b00000|  0%| F|  |TAMS 0x0000000785a00000, 0x0000000785a00000| Untracked 
|  91|0x0000000785b00000, 0x0000000785b00000, 0x0000000785c00000|  0%| F|  |TAMS 0x0000000785b00000, 0x0000000785b00000| Untracked 
|  92|0x0000000785c00000, 0x0000000785c00000, 0x0000000785d00000|  0%| F|  |TAMS 0x0000000785c00000, 0x0000000785c00000| Untracked 
|  93|0x0000000785d00000, 0x0000000785d00000, 0x0000000785e00000|  0%| F|  |TAMS 0x0000000785d00000, 0x0000000785d00000| Untracked 
|  94|0x0000000785e00000, 0x0000000785e00000, 0x0000000785f00000|  0%| F|  |TAMS 0x0000000785e00000, 0x0000000785e00000| Untracked 
|  95|0x0000000785f00000, 0x0000000785f00000, 0x0000000786000000|  0%| F|  |TAMS 0x0000000785f00000, 0x0000000785f00000| Untracked 
|  96|0x0000000786000000, 0x0000000786000000, 0x0000000786100000|  0%| F|  |TAMS 0x0000000786000000, 0x0000000786000000| Untracked 
|  97|0x0000000786100000, 0x0000000786100000, 0x0000000786200000|  0%| F|  |TAMS 0x0000000786100000, 0x0000000786100000| Untracked 
|  98|0x0000000786200000, 0x0000000786200000, 0x0000000786300000|  0%| F|  |TAMS 0x0000000786200000, 0x0000000786200000| Untracked 
|  99|0x0000000786300000, 0x0000000786300000, 0x0000000786400000|  0%| F|  |TAMS 0x0000000786300000, 0x0000000786300000| Untracked 
| 100|0x0000000786400000, 0x0000000786400000, 0x0000000786500000|  0%| F|  |TAMS 0x0000000786400000, 0x0000000786400000| Untracked 
| 101|0x0000000786500000, 0x0000000786500000, 0x0000000786600000|  0%| F|  |TAMS 0x0000000786500000, 0x0000000786500000| Untracked 
| 102|0x0000000786600000, 0x0000000786600000, 0x0000000786700000|  0%| F|  |TAMS 0x0000000786600000, 0x0000000786600000| Untracked 
| 103|0x0000000786700000, 0x0000000786700000, 0x0000000786800000|  0%| F|  |TAMS 0x0000000786700000, 0x0000000786700000| Untracked 
| 104|0x0000000786800000, 0x0000000786800000, 0x0000000786900000|  0%| F|  |TAMS 0x0000000786800000, 0x0000000786800000| Untracked 
| 105|0x0000000786900000, 0x0000000786900000, 0x0000000786a00000|  0%| F|  |TAMS 0x0000000786900000, 0x0000000786900000| Untracked 
| 106|0x0000000786a00000, 0x0000000786a00000, 0x0000000786b00000|  0%| F|  |TAMS 0x0000000786a00000, 0x0000000786a00000| Untracked 
| 107|0x0000000786b00000, 0x0000000786b00000, 0x0000000786c00000|  0%| F|  |TAMS 0x0000000786b00000, 0x0000000786b00000| Untracked 
| 108|0x0000000786c00000, 0x0000000786c00000, 0x0000000786d00000|  0%| F|  |TAMS 0x0000000786c00000, 0x0000000786c00000| Untracked 
| 109|0x0000000786d00000, 0x0000000786d00000, 0x0000000786e00000|  0%| F|  |TAMS 0x0000000786d00000, 0x0000000786d00000| Untracked 
| 110|0x0000000786e00000, 0x0000000786e00000, 0x0000000786f00000|  0%| F|  |TAMS 0x0000000786e00000, 0x0000000786e00000| Untracked 
| 111|0x0000000786f00000, 0x0000000786f00000, 0x0000000787000000|  0%| F|  |TAMS 0x0000000786f00000, 0x0000000786f00000| Untracked 
| 112|0x0000000787000000, 0x0000000787100000, 0x0000000787100000|100%| S|CS|TAMS 0x0000000787000000, 0x0000000787000000| Complete 
| 113|0x0000000787100000, 0x0000000787200000, 0x0000000787200000|100%| S|CS|TAMS 0x0000000787100000, 0x0000000787100000| Complete 
| 114|0x0000000787200000, 0x0000000787200000, 0x0000000787300000|  0%| F|  |TAMS 0x0000000787200000, 0x0000000787200000| Untracked 
| 115|0x0000000787300000, 0x0000000787300000, 0x0000000787400000|  0%| F|  |TAMS 0x0000000787300000, 0x0000000787300000| Untracked 
| 116|0x0000000787400000, 0x0000000787400000, 0x0000000787500000|  0%| F|  |TAMS 0x0000000787400000, 0x0000000787400000| Untracked 
| 117|0x0000000787500000, 0x0000000787500000, 0x0000000787600000|  0%| F|  |TAMS 0x0000000787500000, 0x0000000787500000| Untracked 
| 118|0x0000000787600000, 0x0000000787600000, 0x0000000787700000|  0%| F|  |TAMS 0x0000000787600000, 0x0000000787600000| Untracked 
| 119|0x0000000787700000, 0x0000000787700000, 0x0000000787800000|  0%| F|  |TAMS 0x0000000787700000, 0x0000000787700000| Untracked 
| 120|0x0000000787800000, 0x0000000787800000, 0x0000000787900000|  0%| F|  |TAMS 0x0000000787800000, 0x0000000787800000| Untracked 
| 121|0x0000000787900000, 0x0000000787900000, 0x0000000787a00000|  0%| F|  |TAMS 0x0000000787900000, 0x0000000787900000| Untracked 
| 122|0x0000000787a00000, 0x0000000787a00000, 0x0000000787b00000|  0%| F|  |TAMS 0x0000000787a00000, 0x0000000787a00000| Untracked 
| 123|0x0000000787b00000, 0x0000000787b00000, 0x0000000787c00000|  0%| F|  |TAMS 0x0000000787b00000, 0x0000000787b00000| Untracked 
| 124|0x0000000787c00000, 0x0000000787c00000, 0x0000000787d00000|  0%| F|  |TAMS 0x0000000787c00000, 0x0000000787c00000| Untracked 
| 125|0x0000000787d00000, 0x0000000787d00000, 0x0000000787e00000|  0%| F|  |TAMS 0x0000000787d00000, 0x0000000787d00000| Untracked 
| 126|0x0000000787e00000, 0x0000000787e00800, 0x0000000787f00000|  0%| E|  |TAMS 0x0000000787e00000, 0x0000000787e00000| Complete 
| 127|0x0000000787f00000, 0x0000000788000000, 0x0000000788000000|100%| E|CS|TAMS 0x0000000787f00000, 0x0000000787f00000| Complete 
|1022|0x00000007bfe00000, 0x00000007bfe46000, 0x00000007bff00000| 27%|OA|  |TAMS 0x00000007bfe00000, 0x00000007bfe00000| Untracked 
|1023|0x00000007bff00000, 0x00000007bff70000, 0x00000007c0000000| 43%|CA|  |TAMS 0x00000007bff00000, 0x00000007bff00000| Untracked 

Card table byte_map: [0x000000010b646000,0x000000010ba46000] _byte_map_base: 0x0000000107a46000

Marking Bits (Prev, Next): (CMBitMap*) 0x00007f8802802818, (CMBitMap*) 0x00007f8802802858
 Prev Bits: [0x000000010be46000, 0x000000010de46000)
 Next Bits: [0x000000011e5ee000, 0x00000001205ee000)

Polling page: 0x0000000101ffb000

Metaspace:

Usage:
  Non-class:      6.83 MB capacity,     6.65 MB ( 97%) used,   154.70 KB (  2%) free+waste,    25.88 KB ( <1%) overhead. 
      Class:   1020.00 KB capacity,   890.43 KB ( 87%) used,   113.32 KB ( 11%) free+waste,    16.25 KB (  2%) overhead. 
       Both:      7.83 MB capacity,     7.52 MB ( 96%) used,   268.02 KB (  3%) free+waste,    42.12 KB ( <1%) overhead. 

Virtual space:
  Non-class space:        8.00 MB reserved,       7.00 MB ( 88%) committed 
      Class space:        1.00 GB reserved,       1.12 MB ( <1%) committed 
             Both:        1.01 GB reserved,       8.12 MB ( <1%) committed 

Chunk freelists:
   Non-Class:  384 bytes
       Class:  3.50 KB
        Both:  3.88 KB

CodeHeap 'non-profiled nmethods': size=120032Kb used=544Kb max_used=544Kb free=119487Kb
 bounds [0x00000001170b6000, 0x0000000117326000, 0x000000011e5ee000]
CodeHeap 'profiled nmethods': size=120032Kb used=1870Kb max_used=1870Kb free=118161Kb
 bounds [0x000000010fb7e000, 0x000000010fdee000, 0x00000001170b6000]
CodeHeap 'non-nmethods': size=5696Kb used=1226Kb max_used=1265Kb free=4470Kb
 bounds [0x000000010f5ee000, 0x000000010f85e000, 0x000000010fb7e000]
 total_blobs=1884 nmethods=1025 adapters=517
 compilation: enabled
              stopped_count=0, restarted_count=0
 full_count=0

Compilation events (10 events):
Event: 267.856 Thread 0x00007f8804001800 nmethod 1018 0x000000010fd4eb10 code [0x000000010fd4ece0, 0x000000010fd4eea8]
Event: 267.856 Thread 0x00007f8804001800 1020       1       sun.awt.AWTAutoShutdown::getInstance (4 bytes)
Event: 267.856 Thread 0x00007f8804001800 nmethod 1020 0x000000011713db10 code [0x000000011713dcc0, 0x000000011713ddb0]
Event: 267.856 Thread 0x00007f8804001800 1019       3       sun.awt.AWTAutoShutdown::notifyToolkitThreadFree (8 bytes)
Event: 267.856 Thread 0x00007f8804001800 nmethod 1019 0x000000010fd4ef90 code [0x000000010fd4f160, 0x000000010fd4f328]
Event: 268.390 Thread 0x00007f8804001800 1022   !   3       java.lang.ref.ReferenceQueue::enqueue (119 bytes)
Event: 268.391 Thread 0x00007f8804001800 nmethod 1022 0x000000010fd4f410 code [0x000000010fd4f620, 0x000000010fd4fe88]
Event: 268.393 Thread 0x00007f8804001800 1023       3       java.lang.ref.Reference::clear (6 bytes)
Event: 268.394 Thread 0x00007f8804001800 nmethod 1023 0x000000010fd50090 code [0x000000010fd50240, 0x000000010fd503f0]
Event: 268.394 Thread 0x00007f8804001800 1024       3       java.lang.ref.ReferenceQueue::reallyPoll (65 bytes)

GC Heap History (2 events):
Event: 268.362 GC heap before
{Heap before GC invocations=0 (full 0):
 garbage-first heap   total 133120K, used 31448K [0x0000000780000000, 0x0000000800000000)
  region size 1024K, 14 young (14336K), 0 survivors (0K)
 Metaspace       used 7698K, capacity 8013K, committed 8320K, reserved 1056768K
  class space    used 890K, capacity 1020K, committed 1152K, reserved 1048576K
}
Event: 268.389 GC heap after
{Heap after GC invocations=1 (full 0):
 garbage-first heap   total 133120K, used 19234K [0x0000000780000000, 0x0000000800000000)
  region size 1024K, 2 young (2048K), 2 survivors (2048K)
 Metaspace       used 7698K, capacity 8013K, committed 8320K, reserved 1056768K
  class space    used 890K, capacity 1020K, committed 1152K, reserved 1048576K
}

Deoptimization events (9 events):
Event: 1.209 Thread 0x00007f88039cc000 Uncommon trap: reason=unstable_if action=reinterpret pc=0x00000001170c3788 method=java.lang.String.isLatin1()Z @ 10 c2
Event: 2.675 Thread 0x00007f88039cc000 Uncommon trap: reason=unstable_if action=reinterpret pc=0x00000001170e53ac method=java.lang.StringLatin1.toLowerCase(Ljava/lang/String;[BLjava/util/Locale;)Ljava/lang/String; @ 40 c2
Event: 31.581 Thread 0x00007f88039cc000 Uncommon trap: reason=unstable_if action=reinterpret pc=0x00000001170f6648 method=java.security.AccessControlContext.optimize()Ljava/security/AccessControlContext; @ 65 c2
Event: 55.048 Thread 0x00007f88028df800 Uncommon trap: reason=unstable_if action=reinterpret pc=0x00000001170f180c method=java.util.concurrent.locks.ReentrantLock$Sync.nonfairTryAcquire(I)Z @ 34 c2
Event: 55.485 Thread 0x00007f88039cc000 Uncommon trap: reason=unstable_if action=reinterpret pc=0x00000001170fbc28 method=java.awt.EventQueue.getPriority(Ljava/awt/AWTEvent;)I @ 4 c2
Event: 55.485 Thread 0x00007f88039cc000 Uncommon trap: reason=unstable_if action=reinterpret pc=0x000000011710359c method=java.awt.EventQueue.eventToCacheIndex(Ljava/awt/AWTEvent;)I @ 71 c2
Event: 55.544 Thread 0x00007f8804023000 Uncommon trap: reason=unstable_if action=reinterpret pc=0x00000001170f3e98 method=java.util.concurrent.locks.ReentrantLock$Sync.nonfairTryAcquire(I)Z @ 34 c2
Event: 55.544 Thread 0x00007f8804023000 Uncommon trap: reason=unstable_if action=reinterpret pc=0x00000001170f7054 method=java.util.concurrent.locks.ReentrantLock$Sync.nonfairTryAcquire(I)Z @ 34 c2
Event: 55.544 Thread 0x00007f8804023000 Uncommon trap: reason=unstable_if action=reinterpret pc=0x00000001170f248c method=java.util.concurrent.locks.ReentrantLock$Sync.nonfairTryAcquire(I)Z @ 34 c2

Classes redefined (0 events):
No events

Internal exceptions (10 events):
Event: 0.987 Thread 0x00007f8803004800 Exception <a 'java/lang/NoSuchMethodError'{0x0000000787b1ac98}: java.lang.invoke.Invokers$Holder.linkToTargetMethod(Ljava/lang/Object;Ljava/lang/Object;ILjava/lang/Object;Ljava/lang/Object;)Ljava/lang/Object;> (0x0000000787b1ac98) thrown at [/scratch/meso
Event: 1.030 Thread 0x00007f8803004800 Exception <a 'java/lang/NoSuchMethodError'{0x0000000787b1e328}: java.lang.invoke.DirectMethodHandle$Holder.invokeStatic(Ljava/lang/Object;IJ)V> (0x0000000787b1e328) thrown at [/scratch/mesos/slaves/07fc96ef-bf4d-487f-b22f-a84e49f5f44a-S133408/frameworks/1
Event: 1.033 Thread 0x00007f8803004800 Exception <a 'java/lang/NoSuchMethodError'{0x0000000787b258d8}: java.lang.invoke.DirectMethodHandle$Holder.invokeSpecial(Ljava/lang/Object;Ljava/lang/Object;)V> (0x0000000787b258d8) thrown at [/scratch/mesos/slaves/07fc96ef-bf4d-487f-b22f-a84e49f5f44a-S13
Event: 1.035 Thread 0x00007f88039cc000 Exception <a 'java/lang/NoSuchMethodError'{0x0000000787b914a8}: java.lang.invoke.DirectMethodHandle$Holder.invokeStatic(Ljava/lang/Object;J)V> (0x0000000787b914a8) thrown at [/scratch/mesos/slaves/07fc96ef-bf4d-487f-b22f-a84e49f5f44a-S133408/frameworks/17
Event: 1.038 Thread 0x00007f8803004800 Exception <a 'java/lang/NoSuchMethodError'{0x0000000787b36050}: java.lang.invoke.Invokers$Holder.linkToTargetMethod(IIIILjava/lang/Object;)Ljava/lang/Object;> (0x0000000787b36050) thrown at [/scratch/mesos/slaves/07fc96ef-bf4d-487f-b22f-a84e49f5f44a-S1334
Event: 1.039 Thread 0x00007f8803004800 Exception <a 'java/lang/NoSuchMethodError'{0x0000000787b38b50}: java.lang.invoke.DirectMethodHandle$Holder.invokeStatic(Ljava/lang/Object;Ljava/lang/Object;J)V> (0x0000000787b38b50) thrown at [/scratch/mesos/slaves/07fc96ef-bf4d-487f-b22f-a84e49f5f44a-S13
Event: 1.054 Thread 0x00007f8804023000 Exception <a 'java/lang/NoSuchMethodError'{0x0000000787be9918}: java.lang.invoke.DirectMethodHandle$Holder.invokeSpecial(Ljava/lang/Object;Ljava/lang/Object;J)V> (0x0000000787be9918) thrown at [/scratch/mesos/slaves/07fc96ef-bf4d-487f-b22f-a84e49f5f44a-S1
Event: 1.098 Thread 0x00007f8803004800 Exception <a 'java/lang/NoSuchMethodError'{0x0000000787a05050}: java.lang.invoke.DirectMethodHandle$Holder.invokeStatic(Ljava/lang/Object;JJ)V> (0x0000000787a05050) thrown at [/scratch/mesos/slaves/07fc96ef-bf4d-487f-b22f-a84e49f5f44a-S133408/frameworks/1
Event: 1.101 Thread 0x00007f8803004800 Exception <a 'java/lang/NoSuchMethodError'{0x0000000787a104a8}: java.lang.invoke.Invokers$Holder.linkToTargetMethod(Ljava/lang/Object;ILjava/lang/Object;)Ljava/lang/Object;> (0x0000000787a104a8) thrown at [/scratch/mesos/slaves/07fc96ef-bf4d-487f-b22f-a84
Event: 268.393 Thread 0x00007f880302b000 Exception <a 'java/lang/NullPointerException'{0x0000000787f80888}> (0x0000000787f80888) thrown at [/scratch/mesos/slaves/07fc96ef-bf4d-487f-b22f-a84e49f5f44a-S133408/frameworks/1735e8a2-a1db-478c-8104-60c8b0af87dd-0196/executors/dc45f84e-65aa-47ca-b8d0-68

Events (10 events):
Event: 268.392 Executing VM operation: RevokeBias
Event: 268.392 Executing VM operation: RevokeBias done
Event: 268.392 Executing VM operation: RevokeBias
Event: 268.392 Executing VM operation: RevokeBias done
Event: 268.392 Executing VM operation: RevokeBias
Event: 268.392 Executing VM operation: RevokeBias done
Event: 268.392 Executing VM operation: RevokeBias
Event: 268.393 Executing VM operation: RevokeBias done
Event: 268.393 Executing VM operation: BulkRevokeBias
Event: 268.393 Executing VM operation: BulkRevokeBias done


Dynamic libraries:
0x00007fff66fbc000 	/usr/lib/libz.1.dylib
0x0000000101249000 	/Library/Java/JavaVirtualMachines/jdk-12.0.1.jdk/Contents/Home/lib/libjli.dylib
0x00007fff3ac8e000 	/System/Library/Frameworks/Cocoa.framework/Versions/A/Cocoa
0x00007fff46970000 	/System/Library/Frameworks/Security.framework/Versions/A/Security
0x00007fff39923000 	/System/Library/Frameworks/ApplicationServices.framework/Versions/A/ApplicationServices
0x00007fff646ec000 	/usr/lib/libSystem.B.dylib
0x00007fff677ab000 	/usr/lib/system/libcache.dylib
0x00007fff677b0000 	/usr/lib/system/libcommonCrypto.dylib
0x00007fff677bb000 	/usr/lib/system/libcompiler_rt.dylib
0x00007fff677c3000 	/usr/lib/system/libcopyfile.dylib
0x00007fff677cd000 	/usr/lib/system/libcorecrypto.dylib
0x00007fff678d8000 	/usr/lib/system/libdispatch.dylib
0x00007fff67912000 	/usr/lib/system/libdyld.dylib
0x00007fff6793f000 	/usr/lib/system/libkeymgr.dylib
0x00007fff6794d000 	/usr/lib/system/liblaunch.dylib
0x00007fff6794e000 	/usr/lib/system/libmacho.dylib
0x00007fff67954000 	/usr/lib/system/libquarantine.dylib
0x00007fff67957000 	/usr/lib/system/libremovefile.dylib
0x00007fff67959000 	/usr/lib/system/libsystem_asl.dylib
0x00007fff67971000 	/usr/lib/system/libsystem_blocks.dylib
0x00007fff67972000 	/usr/lib/system/libsystem_c.dylib
0x00007fff679fa000 	/usr/lib/system/libsystem_configuration.dylib
0x00007fff679fe000 	/usr/lib/system/libsystem_coreservices.dylib
0x00007fff67a02000 	/usr/lib/system/libsystem_darwin.dylib
0x00007fff67a09000 	/usr/lib/system/libsystem_dnssd.dylib
0x00007fff67a10000 	/usr/lib/system/libsystem_info.dylib
0x00007fff67a85000 	/usr/lib/system/libsystem_m.dylib
0x00007fff67ad1000 	/usr/lib/system/libsystem_malloc.dylib
0x00007fff67af6000 	/usr/lib/system/libsystem_networkextension.dylib
0x00007fff67b01000 	/usr/lib/system/libsystem_notify.dylib
0x00007fff67b1e000 	/usr/lib/system/libsystem_sandbox.dylib
0x00007fff67b22000 	/usr/lib/system/libsystem_secinit.dylib
0x00007fff67a5c000 	/usr/lib/system/libsystem_kernel.dylib
0x00007fff67b09000 	/usr/lib/system/libsystem_platform.dylib
0x00007fff67b13000 	/usr/lib/system/libsystem_pthread.dylib
0x00007fff67b25000 	/usr/lib/system/libsystem_symptoms.dylib
0x00007fff67b2d000 	/usr/lib/system/libsystem_trace.dylib
0x00007fff67b44000 	/usr/lib/system/libunwind.dylib
0x00007fff67b4a000 	/usr/lib/system/libxpc.dylib
0x00007fff660e6000 	/usr/lib/libobjc.A.dylib
0x00007fff64983000 	/usr/lib/libc++abi.dylib
0x00007fff6492f000 	/usr/lib/libc++.1.dylib
0x00007fff3b476000 	/System/Library/Frameworks/CoreFoundation.framework/Versions/A/CoreFoundation
0x00007fff3d6ea000 	/System/Library/Frameworks/Foundation.framework/Versions/C/Foundation
0x00007fff38b1c000 	/System/Library/Frameworks/AppKit.framework/Versions/C/AppKit
0x00007fff3b009000 	/System/Library/Frameworks/CoreData.framework/Versions/A/CoreData
0x00007fff5e23b000 	/System/Library/PrivateFrameworks/RemoteViewServices.framework/Versions/A/RemoteViewServices
0x00007fff6242f000 	/System/Library/PrivateFrameworks/UIFoundation.framework/Versions/A/UIFoundation
0x00007fff63b11000 	/System/Library/PrivateFrameworks/XCTTargetBootstrap.framework/Versions/A/XCTTargetBootstrap
0x00007fff59074000 	/System/Library/PrivateFrameworks/IconServices.framework/Versions/A/IconServices
0x00007fff40003000 	/System/Library/Frameworks/Metal.framework/Versions/A/Metal
0x00007fff505ff000 	/System/Library/PrivateFrameworks/DesktopServicesPriv.framework/Versions/A/DesktopServicesPriv
0x00007fff6544c000 	/usr/lib/libenergytrace.dylib
0x00007fff6091e000 	/System/Library/PrivateFrameworks/SkyLight.framework/Versions/A/SkyLight
0x00007fff3b8bb000 	/System/Library/Frameworks/CoreGraphics.framework/Versions/A/CoreGraphics
0x00007fff378e8000 	/System/Library/Frameworks/Accelerate.framework/Versions/A/Accelerate
0x00007fff3de30000 	/System/Library/Frameworks/IOSurface.framework/Versions/A/IOSurface
0x00007fff5046b000 	/System/Library/PrivateFrameworks/DFRFoundation.framework/Versions/A/DFRFoundation
0x00007fff39e06000 	/System/Library/Frameworks/AudioToolbox.framework/Versions/A/AudioToolbox
0x00007fff3a07f000 	/System/Library/Frameworks/AudioUnit.framework/Versions/A/AudioUnit
0x00007fff50500000 	/System/Library/PrivateFrameworks/DataDetectorsCore.framework/Versions/A/DataDetectorsCore
0x00007fff3a792000 	/System/Library/Frameworks/Carbon.framework/Versions/A/Frameworks/HIToolbox.framework/Versions/A/HIToolbox
0x00007fff655a5000 	/usr/lib/libicucore.A.dylib
0x00007fff45ee7000 	/System/Library/Frameworks/QuartzCore.framework/Versions/A/QuartzCore
0x00007fff3ab66000 	/System/Library/Frameworks/Carbon.framework/Versions/A/Frameworks/SpeechRecognition.framework/Versions/A/SpeechRecognition
0x00007fff64840000 	/usr/lib/libauto.dylib
0x00007fff66eb0000 	/usr/lib/libxml2.2.dylib
0x00007fff5004b000 	/System/Library/PrivateFrameworks/CoreUI.framework/Versions/A/CoreUI
0x00007fff3aef4000 	/System/Library/Frameworks/CoreAudio.framework/Versions/A/CoreAudio
0x00007fff3d526000 	/System/Library/Frameworks/DiskArbitration.framework/Versions/A/DiskArbitration
0x00007fff65852000 	/usr/lib/liblangid.dylib
0x00007fff5a473000 	/System/Library/PrivateFrameworks/MultitouchSupport.framework/Versions/A/MultitouchSupport
0x00007fff3dd9f000 	/System/Library/Frameworks/IOKit.framework/Versions/A/IOKit
0x00007fff642ad000 	/usr/lib/libDiagnosticMessagesClient.dylib
0x00007fff3c6c7000 	/System/Library/Frameworks/CoreServices.framework/Versions/A/CoreServices
0x00007fff5c049000 	/System/Library/PrivateFrameworks/PerformanceAnalysis.framework/Versions/A/PerformanceAnalysis
0x00007fff450d7000 	/System/Library/Frameworks/OpenGL.framework/Versions/A/OpenGL
0x00007fff3ac9c000 	/System/Library/Frameworks/ColorSync.framework/Versions/A/ColorSync
0x00007fff3bf4c000 	/System/Library/Frameworks/CoreImage.framework/Versions/A/CoreImage
0x00007fff3d0a0000 	/System/Library/Frameworks/CoreText.framework/Versions/A/CoreText
0x00007fff3de93000 	/System/Library/Frameworks/ImageIO.framework/Versions/A/ImageIO
0x00007fff4c6a9000 	/System/Library/PrivateFrameworks/Backup.framework/Versions/A/Backup
0x00007fff64793000 	/usr/lib/libarchive.2.dylib
0x00007fff3a3d7000 	/System/Library/Frameworks/CFNetwork.framework/Versions/A/CFNetwork
0x00007fff470c9000 	/System/Library/Frameworks/SystemConfiguration.framework/Versions/A/SystemConfiguration
0x00007fff641de000 	/usr/lib/libCRFSuite.dylib
0x00007fff64910000 	/usr/lib/libbsm.0.dylib
0x00007fff67940000 	/usr/lib/system/libkxld.dylib
0x00007fff4b8ef000 	/System/Library/PrivateFrameworks/AppleFSCompression.framework/Versions/A/AppleFSCompression
0x00007fff645ac000 	/usr/lib/libOpenScriptingUtil.dylib
0x00007fff64c38000 	/usr/lib/libcoretls.dylib
0x00007fff64c4f000 	/usr/lib/libcoretls_cfhelpers.dylib
0x00007fff6687d000 	/usr/lib/libpam.2.dylib
0x00007fff66a3d000 	/usr/lib/libsqlite3.dylib
0x00007fff66e9e000 	/usr/lib/libxar.1.dylib
0x00007fff64921000 	/usr/lib/libbz2.1.0.dylib
0x00007fff65854000 	/usr/lib/liblzma.5.dylib
0x00007fff65d05000 	/usr/lib/libnetwork.dylib
0x00007fff6477c000 	/usr/lib/libapple_nghttp2.dylib
0x00007fff66884000 	/usr/lib/libpcap.A.dylib
0x00007fff3ca66000 	/System/Library/Frameworks/CoreServices.framework/Versions/A/Frameworks/FSEvents.framework/Versions/A/FSEvents
0x00007fff3c745000 	/System/Library/Frameworks/CoreServices.framework/Versions/A/Frameworks/CarbonCore.framework/Versions/A/CarbonCore
0x00007fff3cc22000 	/System/Library/Frameworks/CoreServices.framework/Versions/A/Frameworks/Metadata.framework/Versions/A/Metadata
0x00007fff3ccc1000 	/System/Library/Frameworks/CoreServices.framework/Versions/A/Frameworks/OSServices.framework/Versions/A/OSServices
0x00007fff3cd0c000 	/System/Library/Frameworks/CoreServices.framework/Versions/A/Frameworks/SearchKit.framework/Versions/A/SearchKit
0x00007fff3c6c8000 	/System/Library/Frameworks/CoreServices.framework/Versions/A/Frameworks/AE.framework/Versions/A/AE
0x00007fff3ca6f000 	/System/Library/Frameworks/CoreServices.framework/Versions/A/Frameworks/LaunchServices.framework/Versions/A/LaunchServices
0x00007fff3ca1d000 	/System/Library/Frameworks/CoreServices.framework/Versions/A/Frameworks/DictionaryServices.framework/Versions/A/DictionaryServices
0x00007fff3cd74000 	/System/Library/Frameworks/CoreServices.framework/Versions/A/Frameworks/SharedFileList.framework/Versions/A/SharedFileList
0x00007fff410b2000 	/System/Library/Frameworks/NetFS.framework/Versions/A/NetFS
0x00007fff5a6d9000 	/System/Library/PrivateFrameworks/NetAuth.framework/Versions/A/NetAuth
0x00007fff63f15000 	/System/Library/PrivateFrameworks/login.framework/Versions/A/Frameworks/loginsupport.framework/Versions/A/loginsupport
0x00007fff62038000 	/System/Library/PrivateFrameworks/TCC.framework/Versions/A/TCC
0x00007fff4f6aa000 	/System/Library/PrivateFrameworks/CoreNLP.framework/Versions/A/CoreNLP
0x00007fff5a173000 	/System/Library/PrivateFrameworks/MetadataUtilities.framework/Versions/A/MetadataUtilities
0x00007fff65929000 	/usr/lib/libmecabra.dylib
0x00007fff39924000 	/System/Library/Frameworks/ApplicationServices.framework/Versions/A/Frameworks/ATS.framework/Versions/A/ATS
0x00007fff39c73000 	/System/Library/Frameworks/ApplicationServices.framework/Versions/A/Frameworks/ColorSyncLegacy.framework/Versions/A/ColorSyncLegacy
0x00007fff39d12000 	/System/Library/Frameworks/ApplicationServices.framework/Versions/A/Frameworks/HIServices.framework/Versions/A/HIServices
0x00007fff39d65000 	/System/Library/Frameworks/ApplicationServices.framework/Versions/A/Frameworks/LangAnalysis.framework/Versions/A/LangAnalysis
0x00007fff39d75000 	/System/Library/Frameworks/ApplicationServices.framework/Versions/A/Frameworks/PrintCore.framework/Versions/A/PrintCore
0x00007fff39dbf000 	/System/Library/Frameworks/ApplicationServices.framework/Versions/A/Frameworks/QD.framework/Versions/A/QD
0x00007fff39df9000 	/System/Library/Frameworks/ApplicationServices.framework/Versions/A/Frameworks/SpeechSynthesis.framework/Versions/A/SpeechSynthesis
0x00007fff649ab000 	/usr/lib/libcompression.dylib
0x00007fff3b38e000 	/System/Library/Frameworks/CoreDisplay.framework/Versions/A/CoreDisplay
0x00007fff402ba000 	/System/Library/Frameworks/MetalPerformanceShaders.framework/Versions/A/MetalPerformanceShaders
0x00007fff37900000 	/System/Library/Frameworks/Accelerate.framework/Versions/A/Frameworks/vImage.framework/Versions/A/vImage
0x00007fff3897a000 	/System/Library/Frameworks/Accelerate.framework/Versions/A/Frameworks/vecLib.framework/Versions/A/vecLib
0x00007fff388c6000 	/System/Library/Frameworks/Accelerate.framework/Versions/A/Frameworks/vecLib.framework/Versions/A/libvMisc.dylib
0x00007fff386de000 	/System/Library/Frameworks/Accelerate.framework/Versions/A/Frameworks/vecLib.framework/Versions/A/libvDSP.dylib
0x00007fff37f9a000 	/System/Library/Frameworks/Accelerate.framework/Versions/A/Frameworks/vecLib.framework/Versions/A/libBLAS.dylib
0x00007fff38287000 	/System/Library/Frameworks/Accelerate.framework/Versions/A/Frameworks/vecLib.framework/Versions/A/libLAPACK.dylib
0x00007fff38631000 	/System/Library/Frameworks/Accelerate.framework/Versions/A/Frameworks/vecLib.framework/Versions/A/libLinearAlgebra.dylib
0x00007fff386ca000 	/System/Library/Frameworks/Accelerate.framework/Versions/A/Frameworks/vecLib.framework/Versions/A/libSparseBLAS.dylib
0x00007fff38647000 	/System/Library/Frameworks/Accelerate.framework/Versions/A/Frameworks/vecLib.framework/Versions/A/libQuadrature.dylib
0x00007fff38214000 	/System/Library/Frameworks/Accelerate.framework/Versions/A/Frameworks/vecLib.framework/Versions/A/libBNNS.dylib
0x00007fff3864d000 	/System/Library/Frameworks/Accelerate.framework/Versions/A/Frameworks/vecLib.framework/Versions/A/libSparse.dylib
0x00007fff569e5000 	/System/Library/PrivateFrameworks/GPUWrangler.framework/Versions/A/GPUWrangler
0x00007fff58ca9000 	/System/Library/PrivateFrameworks/IOAccelerator.framework/Versions/A/IOAccelerator
0x00007fff58cb4000 	/System/Library/PrivateFrameworks/IOPresentment.framework/Versions/A/IOPresentment
0x00007fff5047b000 	/System/Library/PrivateFrameworks/DSExternalDisplay.framework/Versions/A/DSExternalDisplay
0x00007fff4452e000 	/System/Library/Frameworks/OpenGL.framework/Versions/A/Libraries/libCoreFSCache.dylib
0x00007fff400ae000 	/System/Library/Frameworks/MetalPerformanceShaders.framework/Frameworks/MPSCore.framework/Versions/A/MPSCore
0x00007fff400ce000 	/System/Library/Frameworks/MetalPerformanceShaders.framework/Frameworks/MPSImage.framework/Versions/A/MPSImage
0x00007fff40173000 	/System/Library/Frameworks/MetalPerformanceShaders.framework/Frameworks/MPSNeuralNetwork.framework/Versions/A/MPSNeuralNetwork
0x00007fff4014b000 	/System/Library/Frameworks/MetalPerformanceShaders.framework/Frameworks/MPSMatrix.framework/Versions/A/MPSMatrix
0x00007fff4029f000 	/System/Library/Frameworks/MetalPerformanceShaders.framework/Frameworks/MPSRayIntersector.framework/Versions/A/MPSRayIntersector
0x00007fff5a19c000 	/System/Library/PrivateFrameworks/MetalTools.framework/Versions/A/MetalTools
0x00007fff4aff0000 	/System/Library/PrivateFrameworks/AggregateDictionary.framework/Versions/A/AggregateDictionary
0x00007fff6458d000 	/usr/lib/libMobileGestalt.dylib
0x00007fff3d203000 	/System/Library/Frameworks/CoreVideo.framework/Versions/A/CoreVideo
0x00007fff577ef000 	/System/Library/PrivateFrameworks/GraphVisualizer.framework/Versions/A/GraphVisualizer
0x00007fff51675000 	/System/Library/PrivateFrameworks/FaceCore.framework/Versions/A/FaceCore
0x00007fff43b5c000 	/System/Library/Frameworks/OpenCL.framework/Versions/A/OpenCL
0x00007fff642e5000 	/usr/lib/libFosl_dynamic.dylib
0x00007fff5af44000 	/System/Library/PrivateFrameworks/OTSVG.framework/Versions/A/OTSVG
0x00007fff39a28000 	/System/Library/Frameworks/ApplicationServices.framework/Versions/A/Frameworks/ATS.framework/Versions/A/Resources/libFontParser.dylib
0x00007fff39b40000 	/System/Library/Frameworks/ApplicationServices.framework/Versions/A/Frameworks/ATS.framework/Versions/A/Resources/libFontRegistry.dylib
0x00007fff3e101000 	/System/Library/Frameworks/ImageIO.framework/Versions/A/Resources/libJPEG.dylib
0x00007fff3e413000 	/System/Library/Frameworks/ImageIO.framework/Versions/A/Resources/libTIFF.dylib
0x00007fff3e3e9000 	/System/Library/Frameworks/ImageIO.framework/Versions/A/Resources/libPng.dylib
0x00007fff3e01f000 	/System/Library/Frameworks/ImageIO.framework/Versions/A/Resources/libGIF.dylib
0x00007fff3e024000 	/System/Library/Frameworks/ImageIO.framework/Versions/A/Resources/libJP2.dylib
0x00007fff3e410000 	/System/Library/Frameworks/ImageIO.framework/Versions/A/Resources/libRadiance.dylib
0x00007fff4ba44000 	/System/Library/PrivateFrameworks/AppleJPEG.framework/Versions/A/AppleJPEG
0x00007fff44539000 	/System/Library/Frameworks/OpenGL.framework/Versions/A/Libraries/libGFXShared.dylib
0x00007fff446fc000 	/System/Library/Frameworks/OpenGL.framework/Versions/A/Libraries/libGLU.dylib
0x00007fff44542000 	/System/Library/Frameworks/OpenGL.framework/Versions/A/Libraries/libGL.dylib
0x00007fff4454e000 	/System/Library/Frameworks/OpenGL.framework/Versions/A/Libraries/libGLImage.dylib
0x00007fff4452b000 	/System/Library/Frameworks/OpenGL.framework/Versions/A/Libraries/libCVMSPluginSupport.dylib
0x00007fff44534000 	/System/Library/Frameworks/OpenGL.framework/Versions/A/Libraries/libCoreVMClient.dylib
0x00007fff652c2000 	/usr/lib/libcups.2.dylib
0x00007fff3f5d6000 	/System/Library/Frameworks/Kerberos.framework/Versions/A/Kerberos
0x00007fff3db06000 	/System/Library/Frameworks/GSS.framework/Versions/A/GSS
0x00007fff669d2000 	/usr/lib/libresolv.9.dylib
0x00007fff654b4000 	/usr/lib/libiconv.2.dylib
0x00007fff5794b000 	/System/Library/PrivateFrameworks/Heimdal.framework/Versions/A/Heimdal
0x00007fff65484000 	/usr/lib/libheimdal-asn1.dylib
0x00007fff43bd0000 	/System/Library/Frameworks/OpenDirectory.framework/Versions/A/OpenDirectory
0x00007fff4e411000 	/System/Library/PrivateFrameworks/CommonAuth.framework/Versions/A/CommonAuth
0x00007fff43bb4000 	/System/Library/Frameworks/OpenDirectory.framework/Versions/A/Frameworks/CFOpenDirectory.framework/Versions/A/CFOpenDirectory
0x00007fff46c6f000 	/System/Library/Frameworks/SecurityFoundation.framework/Versions/A/SecurityFoundation
0x00007fff4a54b000 	/System/Library/PrivateFrameworks/APFS.framework/Versions/A/APFS
0x00007fff66e9a000 	/usr/lib/libutil.dylib
0x00007fff64999000 	/usr/lib/libcharset.1.dylib
0x00007fff4bce1000 	/System/Library/PrivateFrameworks/AppleSauce.framework/Versions/A/AppleSauce
0x00007fff4be62000 	/System/Library/PrivateFrameworks/AssertionServices.framework/Versions/A/AssertionServices
0x00007fff4c73f000 	/System/Library/PrivateFrameworks/BaseBoard.framework/Versions/A/BaseBoard
0x00007fff65884000 	/usr/lib/libmecab.1.0.0.dylib
0x00007fff6547e000 	/usr/lib/libgermantok.dylib
0x00007fff64769000 	/usr/lib/libThaiTokenizer.dylib
0x00007fff64215000 	/usr/lib/libChineseTokenizer.dylib
0x00007fff59360000 	/System/Library/PrivateFrameworks/LanguageModeling.framework/Versions/A/LanguageModeling
0x00007fff4f0f0000 	/System/Library/PrivateFrameworks/CoreEmoji.framework/Versions/A/CoreEmoji
0x00007fff5943c000 	/System/Library/PrivateFrameworks/Lexicon.framework/Versions/A/Lexicon
0x00007fff5947f000 	/System/Library/PrivateFrameworks/LinguisticData.framework/Versions/A/LinguisticData
0x00007fff6499a000 	/usr/lib/libcmph.dylib
0x00007fff46d2d000 	/System/Library/Frameworks/ServiceManagement.framework/Versions/A/ServiceManagement
0x00007fff4c6a0000 	/System/Library/PrivateFrameworks/BackgroundTaskManagement.framework/Versions/A/BackgroundTaskManagement
0x00007fff66f93000 	/usr/lib/libxslt.1.dylib
0x00007fff3aa93000 	/System/Library/Frameworks/Carbon.framework/Versions/A/Frameworks/Ink.framework/Versions/A/Ink
0x00007fff622aa000 	/System/Library/PrivateFrameworks/TextureIO.framework/Versions/A/TextureIO
0x00007fff647bd000 	/usr/lib/libate.dylib
0x00007fff503cb000 	/System/Library/PrivateFrameworks/CrashReporterSupport.framework/Versions/A/CrashReporterSupport
0x00007fff5fa5c000 	/System/Library/PrivateFrameworks/Sharing.framework/Versions/A/Sharing
0x00007fff4c241000 	/System/Library/PrivateFrameworks/AuthKit.framework/Versions/A/AuthKit
0x00007fff4b5eb000 	/System/Library/PrivateFrameworks/Apple80211.framework/Versions/A/Apple80211
0x00007fff50177000 	/System/Library/PrivateFrameworks/CoreUtils.framework/Versions/A/CoreUtils
0x00007fff3d241000 	/System/Library/Frameworks/CoreWLAN.framework/Versions/A/CoreWLAN
0x00007fff3dc35000 	/System/Library/Frameworks/IOBluetooth.framework/Versions/A/IOBluetooth
0x00007fff5dee8000 	/System/Library/PrivateFrameworks/ProtocolBuffer.framework/Versions/A/ProtocolBuffer
0x00007fff5a3d1000 	/System/Library/PrivateFrameworks/MobileKeyBag.framework/Versions/A/MobileKeyBag
0x00007fff4f9bd000 	/System/Library/PrivateFrameworks/CorePhoneNumbers.framework/Versions/A/CorePhoneNumbers
0x00007fff4b9f8000 	/System/Library/PrivateFrameworks/AppleIDAuthSupport.framework/Versions/A/AppleIDAuthSupport
0x00007fff59333000 	/System/Library/PrivateFrameworks/KeychainCircle.framework/Versions/A/KeychainCircle
0x00007fff5e09e000 	/System/Library/PrivateFrameworks/ROCKit.framework/Versions/A/ROCKit
0x00007fff50367000 	/System/Library/PrivateFrameworks/CoreWiFi.framework/Versions/A/CoreWiFi
0x00007fff3afde000 	/System/Library/Frameworks/CoreBluetooth.framework/Versions/A/CoreBluetooth
0x00007fff505c1000 	/System/Library/PrivateFrameworks/DebugSymbols.framework/Versions/A/DebugSymbols
0x00007fff4ff38000 	/System/Library/PrivateFrameworks/CoreSymbolication.framework/Versions/A/CoreSymbolication
0x00007fff61ac6000 	/System/Library/PrivateFrameworks/Symbolication.framework/Versions/A/Symbolication
0x00007fff61369000 	/System/Library/PrivateFrameworks/SpeechRecognitionCore.framework/Versions/A/SpeechRecognitionCore
0x000000010126d000 	/Library/Java/JavaVirtualMachines/jdk-12.0.1.jdk/Contents/Home/lib/server/libjvm.dylib
0x0000000101fcb000 	/Library/Java/JavaVirtualMachines/jdk-12.0.1.jdk/Contents/Home/lib/libverify.dylib
0x0000000101fd7000 	/Library/Java/JavaVirtualMachines/jdk-12.0.1.jdk/Contents/Home/lib/libjava.dylib
0x000000010285e000 	/Library/Java/JavaVirtualMachines/jdk-12.0.1.jdk/Contents/Home/lib/libzip.dylib
0x0000000102866000 	/Library/Java/JavaVirtualMachines/jdk-12.0.1.jdk/Contents/Home/lib/libjimage.dylib
0x000000010ebf4000 	/Library/Java/JavaVirtualMachines/jdk-12.0.1.jdk/Contents/Home/lib/libnio.dylib
0x000000010ec02000 	/Library/Java/JavaVirtualMachines/jdk-12.0.1.jdk/Contents/Home/lib/./libnet.dylib
0x000000010ecd1000 	/Library/Java/JavaVirtualMachines/jdk-12.0.1.jdk/Contents/Home/lib/libawt.dylib
0x000000010ed66000 	/Library/Java/JavaVirtualMachines/jdk-12.0.1.jdk/Contents/Home/lib/./libmlib_image.dylib
0x00007fff3f5bf000 	/System/Library/Frameworks/JavaVM.framework/Versions/A/Frameworks/JavaNativeFoundation.framework/Versions/A/JavaNativeFoundation
0x00007fff3f5c8000 	/System/Library/Frameworks/JavaVM.framework/Versions/A/Frameworks/JavaRuntimeSupport.framework/Versions/A/JavaRuntimeSupport
0x00007fff3f5d1000 	/System/Library/Frameworks/JavaVM.framework/Versions/A/JavaVM
0x00007fff59252000 	/System/Library/PrivateFrameworks/JavaLaunching.framework/Versions/A/JavaLaunching
0x00007fff3a78d000 	/System/Library/Frameworks/Carbon.framework/Versions/A/Carbon
0x00007fff3a78e000 	/System/Library/Frameworks/Carbon.framework/Versions/A/Frameworks/CommonPanels.framework/Versions/A/CommonPanels
0x00007fff3aa89000 	/System/Library/Frameworks/Carbon.framework/Versions/A/Frameworks/Help.framework/Versions/A/Help
0x00007fff3aa8d000 	/System/Library/Frameworks/Carbon.framework/Versions/A/Frameworks/ImageCapture.framework/Versions/A/ImageCapture
0x00007fff3ab29000 	/System/Library/Frameworks/Carbon.framework/Versions/A/Frameworks/OpenScripting.framework/Versions/A/OpenScripting
0x00007fff3ab61000 	/System/Library/Frameworks/Carbon.framework/Versions/A/Frameworks/Print.framework/Versions/A/Print
0x00007fff3ab63000 	/System/Library/Frameworks/Carbon.framework/Versions/A/Frameworks/SecurityHI.framework/Versions/A/SecurityHI
0x000000010edcb000 	/Library/Java/JavaVirtualMachines/jdk-12.0.1.jdk/Contents/Home/lib/libawt_lwawt.dylib
0x000000010ee75000 	/Library/Java/JavaVirtualMachines/jdk-12.0.1.jdk/Contents/Home/lib/./libosxapp.dylib
0x00007fff3d6c3000 	/System/Library/Frameworks/ExceptionHandling.framework/Versions/A/ExceptionHandling
0x000000010eea2000 	/Library/Java/JavaVirtualMachines/jdk-12.0.1.jdk/Contents/Home/lib/libfontmanager.dylib
0x000000010ef2f000 	/Library/Java/JavaVirtualMachines/jdk-12.0.1.jdk/Contents/Home/lib/./libfreetype.dylib
0x00007fff4fb41000 	/System/Library/PrivateFrameworks/CoreServicesInternal.framework/Versions/A/CoreServicesInternal
0x00007fff2ff60000 	/System/Library/CoreServices/RawCamera.bundle/Contents/MacOS/RawCamera
0x00007fff5a23b000 	/System/Library/PrivateFrameworks/MobileAsset.framework/Versions/A/MobileAsset
0x00007fff61a14000 	/System/Library/PrivateFrameworks/StreamingZip.framework/Versions/A/StreamingZip
0x00007fff3f961000 	/System/Library/Frameworks/MediaToolbox.framework/Versions/A/MediaToolbox
0x00007fff4ec97000 	/System/Library/PrivateFrameworks/CoreAVCHD.framework/Versions/A/CoreAVCHD
0x00007fff3f8a8000 	/System/Library/Frameworks/MediaAccessibility.framework/Versions/A/MediaAccessibility
0x00007fff59ca1000 	/System/Library/PrivateFrameworks/Mangrove.framework/Versions/A/Mangrove
0x00007fff3c569000 	/System/Library/Frameworks/CoreMedia.framework/Versions/A/CoreMedia
0x00007fff4738c000 	/System/Library/Frameworks/VideoToolbox.framework/Versions/A/VideoToolbox
0x00007fff4e8b3000 	/System/Library/PrivateFrameworks/CoreAUC.framework/Versions/A/CoreAUC
0x00007fff66a3b000 	/usr/lib/libspindump.dylib
0x00007fff4bdc7000 	/System/Library/PrivateFrameworks/AppleVA.framework/Versions/A/AppleVA
0x00007fff378e9000 	/System/Library/Frameworks/Accelerate.framework/Versions/A/Frameworks/vImage.framework/Versions/A/Libraries/libCGInterfaces.dylib
0x00007fff39bdc000 	/System/Library/Frameworks/ApplicationServices.framework/Versions/A/Frameworks/ATS.framework/Versions/A/Resources/libTrueTypeScaler.dylib
0x00007fff35bb4000 	/System/Library/Extensions/AppleIntelSKLGraphicsMTLDriver.bundle/Contents/MacOS/AppleIntelSKLGraphicsMTLDriver
0x00007fff55344000 	/System/Library/PrivateFrameworks/GPUCompiler.framework/Versions/3902/Libraries/libmetal_timestamp.dylib
0x00007fff63261000 	/System/Library/PrivateFrameworks/ViewBridge.framework/Versions/A/ViewBridge
0x00007fff450e7000 	/System/Library/Frameworks/OpenGL.framework/Versions/A/Resources/GLEngine.bundle/GLEngine
0x00007fff44589000 	/System/Library/Frameworks/OpenGL.framework/Versions/A/Libraries/libGLProgrammability.dylib
0x00007fff34ddf000 	/System/Library/Extensions/AppleIntelSKLGraphicsGLDriver.bundle/Contents/MacOS/AppleIntelSKLGraphicsGLDriver
0x00007fff569d9000 	/System/Library/PrivateFrameworks/GPUSupport.framework/Versions/A/Libraries/libGPUSupportMercury.dylib
0x00007fff4527d000 	/System/Library/Frameworks/OpenGL.framework/Versions/A/Resources/GLRendererFloat.bundle/GLRendererFloat
0x00007fff43b53000 	/System/Library/Frameworks/OpenCL.framework/Versions/A/Libraries/libcldcpuengine.dylib
0x00007fff64dee000 	/usr/lib/libcrypto.35.dylib
0x00007fff62428000 	/System/Library/PrivateFrameworks/TrustEvaluationAgent.framework/Versions/A/TrustEvaluationAgent
0x0000000126dbb000 	/Library/Java/JavaVirtualMachines/jdk-12.0.1.jdk/Contents/Home/lib/libosxui.dylib
0x00000001277df000 	/usr/lib/libobjc-trampolines.dylib


VM Arguments:
jvm_args: -Dfile.encoding=UTF-8 
java_command: App
java_class_path (initial): /Users/jimmywang/OneDrive - School District No. 36 (Surrey)/2018.19/Programming/Eclipse/BallSim2/bin
Launcher Type: SUN_STANDARD

[Global flags]
     intx CICompilerCount                          = 3                                         {product} {ergonomic}
     uint ConcGCThreads                            = 1                                         {product} {ergonomic}
     uint G1ConcRefinementThreads                  = 4                                         {product} {ergonomic}
   size_t G1HeapRegionSize                         = 1048576                                   {product} {ergonomic}
    uintx GCDrainStackTargetSize                   = 64                                        {product} {ergonomic}
   size_t InitialHeapSize                          = 134217728                                 {product} {ergonomic}
   size_t MarkStackSize                            = 4194304                                   {product} {ergonomic}
   size_t MaxHeapSize                              = 2147483648                                {product} {ergonomic}
   size_t MaxNewSize                               = 1287651328                                {product} {ergonomic}
   size_t MinHeapDeltaBytes                        = 1048576                                   {product} {ergonomic}
    uintx NonNMethodCodeHeapSize                   = 5830732                                {pd product} {ergonomic}
    uintx NonProfiledCodeHeapSize                  = 122913754                              {pd product} {ergonomic}
    uintx ProfiledCodeHeapSize                     = 122913754                              {pd product} {ergonomic}
    uintx ReservedCodeCacheSize                    = 251658240                              {pd product} {ergonomic}
     bool SegmentedCodeCache                       = true                                      {product} {ergonomic}
     bool UseCompressedClassPointers               = true                                 {lp64_product} {ergonomic}
     bool UseCompressedOops                        = true                                 {lp64_product} {ergonomic}
     bool UseG1GC                                  = true                                      {product} {ergonomic}

Logging:
Log output configuration:
 #0: stdout all=warning uptime,level,tags
 #1: stderr all=off uptime,level,tags

Environment Variables:
PATH=/usr/bin:/bin:/usr/sbin:/sbin
SHELL=/bin/bash

Signal Handlers:
SIGSEGV: [libjvm.dylib+0x736202], sa_mask[0]=11111111011111110111111111111111, sa_flags=SA_ONSTACK|SA_RESTART|SA_SIGINFO
SIGBUS: [libjvm.dylib+0x736202], sa_mask[0]=11111111011111110111111111111111, sa_flags=SA_RESTART|SA_SIGINFO
SIGFPE: [libjvm.dylib+0x736202], sa_mask[0]=11111111011111110111111111111111, sa_flags=SA_RESTART|SA_SIGINFO
SIGPIPE: [libjvm.dylib+0x5ddc76], sa_mask[0]=11111111011111110111111111111111, sa_flags=SA_RESTART|SA_SIGINFO
SIGXFSZ: [libjvm.dylib+0x5ddc76], sa_mask[0]=11111111011111110111111111111111, sa_flags=SA_RESTART|SA_SIGINFO
SIGILL: [libjvm.dylib+0x736202], sa_mask[0]=11111111011111110111111111111111, sa_flags=SA_RESTART|SA_SIGINFO
SIGUSR2: [libjvm.dylib+0x5de25b], sa_mask[0]=00100000000000000000000000000000, sa_flags=SA_RESTART|SA_SIGINFO
SIGHUP: [libjvm.dylib+0x5dcf1b], sa_mask[0]=11111111011111110111111111111111, sa_flags=SA_RESTART|SA_SIGINFO
SIGINT: [libjvm.dylib+0x5dcf1b], sa_mask[0]=11111111011111110111111111111111, sa_flags=SA_RESTART|SA_SIGINFO
SIGTERM: [libjvm.dylib+0x5dcf1b], sa_mask[0]=11111111011111110111111111111111, sa_flags=SA_RESTART|SA_SIGINFO
SIGQUIT: [libjvm.dylib+0x5dcf1b], sa_mask[0]=11111111011111110111111111111111, sa_flags=SA_RESTART|SA_SIGINFO


---------------  S Y S T E M  ---------------

OS:uname:Darwin 18.5.0 Darwin Kernel Version 18.5.0: Mon Mar 11 20:40:32 PDT 2019; root:xnu-4903.251.3~3/RELEASE_X86_64 x86_64
rlimit: STACK 8192k, CORE 0k, NPROC 709, NOFILE 10240, AS infinity, DATA infinity, FSIZE infinity
load average:1.99 2.32 2.07

CPU:total 4 (initial active 4) (2 cores per cpu, 2 threads per core) family 6 model 78 stepping 3, cmov, cx8, fxsr, mmx, sse, sse2, sse3, ssse3, sse4.1, sse4.2, popcnt, avx, avx2, aes, clmul, erms, 3dnowpref, lzcnt, ht, tsc, tscinvbit, bmi1, bmi2, adx, fma

Memory: 4k page, physical 8388608k(98036k free)

vm_info: Java HotSpot(TM) 64-Bit Server VM (12.0.1+12) for bsd-amd64 JRE (12.0.1+12), built on Apr  2 2019 08:17:12 by "mach5one" with gcc 4.2.1 Compatible Apple LLVM 9.1.0 (clang-902.0.39.2)

END.
